This is pdfTeX, Version 3.14159265-2.6-1.40.21 (MiKTeX 20.10) (preloaded format=pdflatex 2020.10.26)  12 JAN 2021 13:14
entering extended mode
**./network1.tex
(network1.tex
LaTeX2e <2020-10-01> patch level 1
L3 programming layer <2020-10-05> xparse <2020-03-03>
("H:\Program Files\MiKTeX\tex/latex/base\article.cls"
Document Class: article 2020/04/10 v1.4m Standard LaTeX document class
("H:\Program Files\MiKTeX\tex/latex/base\size12.clo"
File: size12.clo 2020/04/10 v1.4m Standard LaTeX file (size option)
)
\c@part=\count175
\c@section=\count176
\c@subsection=\count177
\c@subsubsection=\count178
\c@paragraph=\count179
\c@subparagraph=\count180
\c@figure=\count181
\c@table=\count182
\abovecaptionskip=\skip47
\belowcaptionskip=\skip48
\bibindent=\dimen138
)
(C:\Users\micha\AppData\Roaming\MiKTeX\tex/latex/preprint\fullpage.sty
Package: fullpage 1999/02/23 1.1 (PWD)
\FP@margin=\skip49
)
("H:\Program Files\MiKTeX\tex/latex/amsmath\amsmath.sty"
Package: amsmath 2020/09/23 v2.17i AMS math features
\@mathmargin=\skip50

For additional information on amsmath, use the `?' option.
("H:\Program Files\MiKTeX\tex/latex/amsmath\amstext.sty"
Package: amstext 2000/06/29 v2.01 AMS text

("H:\Program Files\MiKTeX\tex/latex/amsmath\amsgen.sty"
File: amsgen.sty 1999/11/30 v2.0 generic functions
\@emptytoks=\toks15
\ex@=\dimen139
))
("H:\Program Files\MiKTeX\tex/latex/amsmath\amsbsy.sty"
Package: amsbsy 1999/11/29 v1.2d Bold Symbols
\pmbraise@=\dimen140
)
("H:\Program Files\MiKTeX\tex/latex/amsmath\amsopn.sty"
Package: amsopn 2016/03/08 v2.02 operator names
)
\inf@bad=\count183
LaTeX Info: Redefining \frac on input line 234.
\uproot@=\count184
\leftroot@=\count185
LaTeX Info: Redefining \overline on input line 399.
\classnum@=\count186
\DOTSCASE@=\count187
LaTeX Info: Redefining \ldots on input line 496.
LaTeX Info: Redefining \dots on input line 499.
LaTeX Info: Redefining \cdots on input line 620.
\Mathstrutbox@=\box47
\strutbox@=\box48
\big@size=\dimen141
LaTeX Font Info:    Redeclaring font encoding OML on input line 743.
LaTeX Font Info:    Redeclaring font encoding OMS on input line 744.
\macc@depth=\count188
\c@MaxMatrixCols=\count189
\dotsspace@=\muskip16
\c@parentequation=\count190
\dspbrk@lvl=\count191
\tag@help=\toks16
\row@=\count192
\column@=\count193
\maxfields@=\count194
\andhelp@=\toks17
\eqnshift@=\dimen142
\alignsep@=\dimen143
\tagshift@=\dimen144
\tagwidth@=\dimen145
\totwidth@=\dimen146
\lineht@=\dimen147
\@envbody=\toks18
\multlinegap=\skip51
\multlinetaggap=\skip52
\mathdisplay@stack=\toks19
LaTeX Info: Redefining \[ on input line 2923.
LaTeX Info: Redefining \] on input line 2924.
)
("H:\Program Files\MiKTeX\tex/latex/amsfonts\amssymb.sty"
Package: amssymb 2013/01/14 v3.01 AMS font symbols

("H:\Program Files\MiKTeX\tex/latex/amsfonts\amsfonts.sty"
Package: amsfonts 2013/01/14 v3.01 Basic AMSFonts support
\symAMSa=\mathgroup4
\symAMSb=\mathgroup5
LaTeX Font Info:    Redeclaring math symbol \hbar on input line 98.
LaTeX Font Info:    Overwriting math alphabet `\mathfrak' in version `bold'
(Font)                  U/euf/m/n --> U/euf/b/n on input line 106.
))
(C:\Users\micha\AppData\Roaming\MiKTeX\tex/latex/algorithms\algorithm.sty
Package: algorithm 2009/08/24 v0.1 Document Style `algorithm' - floating enviro
nment

(C:\Users\micha\AppData\Roaming\MiKTeX\tex/latex/float\float.sty
Package: float 2001/11/08 v1.3d Float enhancements (AL)
\c@float@type=\count195
\float@exts=\toks20
\float@box=\box49
\@float@everytoks=\toks21
\@floatcapt=\box50
)
("H:\Program Files\MiKTeX\tex/latex/base\ifthen.sty"
Package: ifthen 2014/09/29 v1.1c Standard LaTeX ifthen package (DPC)
)
\@float@every@algorithm=\toks22
\c@algorithm=\count196
)
(C:\Users\micha\AppData\Roaming\MiKTeX\tex/latex/algorithmicx\algpseudocode.sty
Package: algpseudocode 
(C:\Users\micha\AppData\Roaming\MiKTeX\tex/latex/algorithmicx\algorithmicx.sty
Package: algorithmicx 2005/04/27 v1.2 Algorithmicx

Document Style algorithmicx 1.2 - a greatly improved `algorithmic' style
\c@ALG@line=\count197
\c@ALG@rem=\count198
\c@ALG@nested=\count199
\ALG@tlm=\skip53
\ALG@thistlm=\skip54
\c@ALG@Lnr=\count266
\c@ALG@blocknr=\count267
\c@ALG@storecount=\count268
\c@ALG@tmpcounter=\count269
\ALG@tmplength=\skip55
)
Document Style - pseudocode environments for use with the `algorithmicx' style
) ("H:\Program Files\MiKTeX\tex/latex/tools\verbatim.sty"
Package: verbatim 2019/11/10 v1.5r LaTeX2e package for verbatim enhancements
\every@verbatim=\toks23
\verbatim@line=\toks24
\verbatim@in@stream=\read2
)
(C:\Users\micha\AppData\Roaming\MiKTeX\tex/latex/mathalpha\mathalfa.sty)
(C:\Users\micha\AppData\Roaming\MiKTeX\tex/latex/mathalpha\mathalpha.sty
Package: mathalpha 2019/10/05 - 1.13mathalpha (License LPPL) Michael Sharpe

`mathalpha' v1.13, 2019/10/05, a renaming of mathalfa (msharpe)
("H:\Program Files\MiKTeX\tex/latex/xkeyval\xkeyval.sty"
Package: xkeyval 2014/12/03 v2.7a package option processing (HA)

("H:\Program Files\MiKTeX\tex/generic/xkeyval\xkeyval.tex"
("H:\Program Files\MiKTeX\tex/generic/xkeyval\xkvutils.tex"
\XKV@toks=\toks25
\XKV@tempa@toks=\toks26

("H:\Program Files\MiKTeX\tex/generic/xkeyval\keyval.tex"))
\XKV@depth=\count270
File: xkeyval.tex 2014/12/03 v2.7a key=value parser (HA)
))
LaTeX Font Info:    Overwriting math alphabet `\mathscr' in version `bold'
(Font)                  U/BOONDOX-scro/m/n --> U/BOONDOX-scro/b/n on input line
 510.
)
("H:\Program Files\MiKTeX\tex/latex/graphics\graphicx.sty"
Package: graphicx 2020/09/09 v1.2b Enhanced LaTeX Graphics (DPC,SPQR)

("H:\Program Files\MiKTeX\tex/latex/graphics\graphics.sty"
Package: graphics 2020/08/30 v1.4c Standard LaTeX Graphics (DPC,SPQR)

("H:\Program Files\MiKTeX\tex/latex/graphics\trig.sty"
Package: trig 2016/01/03 v1.10 sin cos tan (DPC)
)
("H:\Program Files\MiKTeX\tex/latex/graphics-cfg\graphics.cfg"
File: graphics.cfg 2016/06/04 v1.11 sample graphics configuration
)
Package graphics Info: Driver file: pdftex.def on input line 105.

("H:\Program Files\MiKTeX\tex/latex/graphics-def\pdftex.def"
File: pdftex.def 2020/10/05 v1.2a Graphics/color driver for pdftex
))
\Gin@req@height=\dimen148
\Gin@req@width=\dimen149
)
("H:\Program Files\MiKTeX\tex/latex/xcolor\xcolor.sty"
Package: xcolor 2016/05/11 v2.12 LaTeX color extensions (UK)

("H:\Program Files\MiKTeX\tex/latex/graphics-cfg\color.cfg"
File: color.cfg 2016/01/02 v1.6 sample color configuration
)
Package xcolor Info: Driver file: pdftex.def on input line 225.
Package xcolor Info: Model `cmy' substituted by `cmy0' on input line 1348.
Package xcolor Info: Model `hsb' substituted by `rgb' on input line 1352.
Package xcolor Info: Model `RGB' extended on input line 1364.
Package xcolor Info: Model `HTML' substituted by `rgb' on input line 1366.
Package xcolor Info: Model `Hsb' substituted by `hsb' on input line 1367.
Package xcolor Info: Model `tHsb' substituted by `hsb' on input line 1368.
Package xcolor Info: Model `HSB' substituted by `hsb' on input line 1369.
Package xcolor Info: Model `Gray' substituted by `gray' on input line 1370.
Package xcolor Info: Model `wave' substituted by `hsb' on input line 1371.
)
(C:\Users\micha\AppData\Roaming\MiKTeX\tex/latex/pdfpages\pdfpages.sty
Package: pdfpages 2020/01/28 v0.5q Insert pages of external PDF documents (AM)

("H:\Program Files\MiKTeX\tex/latex/tools\calc.sty"
Package: calc 2017/05/25 v4.3 Infix arithmetic (KKT,FJ)
\calc@Acount=\count271
\calc@Bcount=\count272
\calc@Adimen=\dimen150
\calc@Bdimen=\dimen151
\calc@Askip=\skip56
\calc@Bskip=\skip57
LaTeX Info: Redefining \setlength on input line 80.
LaTeX Info: Redefining \addtolength on input line 81.
\calc@Ccount=\count273
\calc@Cskip=\skip58
)
(C:\Users\micha\AppData\Roaming\MiKTeX\tex/latex/eso-pic\eso-pic.sty
Package: eso-pic 2020/09/27 v2.0i eso-pic (RN)

("H:\Program Files\MiKTeX\tex/latex/base\atbegshi-ltx.sty"
Package: atbegshi-ltx 2020/08/17 v1.0a Emulation of the original atbegshi packa
ge
with kernel methods
)
\ESO@tempdima=\dimen152
\ESO@tempdimb=\dimen153
)
\AM@pagewidth=\dimen154
\AM@pageheight=\dimen155

(C:\Users\micha\AppData\Roaming\MiKTeX\tex/latex/pdfpages\pppdftex.def
File: pppdftex.def 2020/01/28 v0.5q Pdfpages driver for pdfTeX (AM)
)
\AM@pagebox=\box51
\AM@global@opts=\toks27
\AM@pagecnt=\count274
\AM@toc@title=\toks28
\c@AM@survey=\count275
\AM@templatesizebox=\box52
)
(C:\Users\micha\AppData\Roaming\MiKTeX\tex/latex/natbib\natbib.sty
Package: natbib 2010/09/13 8.31b (PWD, AO)
\bibhang=\skip59
\bibsep=\skip60
LaTeX Info: Redefining \cite on input line 694.
\c@NAT@ctr=\count276
)
("H:\Program Files\MiKTeX\tex/latex/hyperref\hyperref.sty"
Package: hyperref 2020-05-15 v7.00e Hypertext links for LaTeX

(C:\Users\micha\AppData\Roaming\MiKTeX\tex/generic/ltxcmds\ltxcmds.sty
Package: ltxcmds 2020-05-10 v1.25 LaTeX kernel commands for general use (HO)
)
("H:\Program Files\MiKTeX\tex/generic/iftex\iftex.sty"
Package: iftex 2020/03/06 v1.0d TeX engine tests
)
("H:\Program Files\MiKTeX\tex/generic/pdftexcmds\pdftexcmds.sty"
Package: pdftexcmds 2020-06-27 v0.33 Utility functions of pdfTeX for LuaTeX (HO
)

(C:\Users\micha\AppData\Roaming\MiKTeX\tex/generic/infwarerr\infwarerr.sty
Package: infwarerr 2019/12/03 v1.5 Providing info/warning/error messages (HO)
)
Package pdftexcmds Info: \pdf@primitive is available.
Package pdftexcmds Info: \pdf@ifprimitive is available.
Package pdftexcmds Info: \pdfdraftmode found.
)
(C:\Users\micha\AppData\Roaming\MiKTeX\tex/generic/kvsetkeys\kvsetkeys.sty
Package: kvsetkeys 2019/12/15 v1.18 Key value parser (HO)
)
(C:\Users\micha\AppData\Roaming\MiKTeX\tex/generic/kvdefinekeys\kvdefinekeys.st
y
Package: kvdefinekeys 2019-12-19 v1.6 Define keys (HO)
) (C:\Users\micha\AppData\Roaming\MiKTeX\tex/generic/pdfescape\pdfescape.sty
Package: pdfescape 2019/12/09 v1.15 Implements pdfTeX's escape features (HO)
)
(C:\Users\micha\AppData\Roaming\MiKTeX\tex/latex/hycolor\hycolor.sty
Package: hycolor 2020-01-27 v1.10 Color options for hyperref/bookmark (HO)
)
(C:\Users\micha\AppData\Roaming\MiKTeX\tex/latex/letltxmacro\letltxmacro.sty
Package: letltxmacro 2019/12/03 v1.6 Let assignment for LaTeX macros (HO)
)
(C:\Users\micha\AppData\Roaming\MiKTeX\tex/latex/auxhook\auxhook.sty
Package: auxhook 2019-12-17 v1.6 Hooks for auxiliary files (HO)
)
(C:\Users\micha\AppData\Roaming\MiKTeX\tex/latex/kvoptions\kvoptions.sty
Package: kvoptions 2019/11/29 v3.13 Key value format for package options (HO)
)
\@linkdim=\dimen156
\Hy@linkcounter=\count277
\Hy@pagecounter=\count278

("H:\Program Files\MiKTeX\tex/latex/hyperref\pd1enc.def"
File: pd1enc.def 2020-05-15 v7.00e Hyperref: PDFDocEncoding definition (HO)
Now handling font encoding PD1 ...
... no UTF-8 mapping file for font encoding PD1
)
(C:\Users\micha\AppData\Roaming\MiKTeX\tex/generic/intcalc\intcalc.sty
Package: intcalc 2019/12/15 v1.3 Expandable calculations with integers (HO)
)
(C:\Users\micha\AppData\Roaming\MiKTeX\tex/generic/etexcmds\etexcmds.sty
Package: etexcmds 2019/12/15 v1.7 Avoid name clashes with e-TeX commands (HO)
)
\Hy@SavedSpaceFactor=\count279
Package hyperref Info: Option `colorlinks' set `true' on input line 4338.
Package hyperref Info: Hyper figures OFF on input line 4464.
Package hyperref Info: Link nesting OFF on input line 4469.
Package hyperref Info: Hyper index ON on input line 4472.
Package hyperref Info: Plain pages OFF on input line 4479.
Package hyperref Info: Backreferencing OFF on input line 4484.
Package hyperref Info: Implicit mode ON; LaTeX internals redefined.
Package hyperref Info: Bookmarks ON on input line 4717.
\c@Hy@tempcnt=\count280

("H:\Program Files\MiKTeX\tex/latex/url\url.sty"
\Urlmuskip=\muskip17
Package: url 2013/09/16  ver 3.4  Verb mode for urls, etc.
)
LaTeX Info: Redefining \url on input line 5076.
\XeTeXLinkMargin=\dimen157

(C:\Users\micha\AppData\Roaming\MiKTeX\tex/generic/bitset\bitset.sty
Package: bitset 2019/12/09 v1.3 Handle bit-vector datatype (HO)

(C:\Users\micha\AppData\Roaming\MiKTeX\tex/generic/bigintcalc\bigintcalc.sty
Package: bigintcalc 2019/12/15 v1.5 Expandable calculations on big integers (HO
)
))
\Fld@menulength=\count281
\Field@Width=\dimen158
\Fld@charsize=\dimen159
Package hyperref Info: Hyper figures OFF on input line 6347.
Package hyperref Info: Link nesting OFF on input line 6352.
Package hyperref Info: Hyper index ON on input line 6355.
Package hyperref Info: backreferencing OFF on input line 6362.
Package hyperref Info: Link coloring ON on input line 6365.
Package hyperref Info: Link coloring with OCG OFF on input line 6372.
Package hyperref Info: PDF/A mode OFF on input line 6377.
LaTeX Info: Redefining \ref on input line 6417.
LaTeX Info: Redefining \pageref on input line 6421.
\Hy@abspage=\count282
\c@Item=\count283
\c@Hfootnote=\count284
)
Package hyperref Info: Driver (autodetected): hpdftex.
("H:\Program Files\MiKTeX\tex/latex/hyperref\hpdftex.def"
File: hpdftex.def 2020-05-15 v7.00e Hyperref driver for pdfTeX

("H:\Program Files\MiKTeX\tex/latex/base\atveryend-ltx.sty"
Package: atveryend-ltx 2020/08/19 v1.0a Emulation of the original atvery packag
e
with kernel methods
)
\Fld@listcount=\count285
\c@bookmark@seq@number=\count286

(C:\Users\micha\AppData\Roaming\MiKTeX\tex/latex/rerunfilecheck\rerunfilecheck.
sty
Package: rerunfilecheck 2019/12/05 v1.9 Rerun checks for auxiliary files (HO)

(C:\Users\micha\AppData\Roaming\MiKTeX\tex/generic/uniquecounter\uniquecounter.
sty
Package: uniquecounter 2019/12/15 v1.4 Provide unlimited unique counter (HO)
)
Package uniquecounter Info: New unique counter `rerunfilecheck' on input line 2
86.
)
\Hy@SectionHShift=\skip61
) ("H:\Program Files\MiKTeX\tex/latex/l3backend\l3backend-pdftex.def"
File: l3backend-pdftex.def 2020-09-24 L3 backend support: PDF output (pdfTeX)
\l__kernel_color_stack_int=\count287
\l__pdf_internal_box=\box53
)
(network1.aux)
\openout1 = `network1.aux'.

LaTeX Font Info:    Checking defaults for OML/cmm/m/it on input line 41.
LaTeX Font Info:    ... okay on input line 41.
LaTeX Font Info:    Checking defaults for OMS/cmsy/m/n on input line 41.
LaTeX Font Info:    ... okay on input line 41.
LaTeX Font Info:    Checking defaults for OT1/cmr/m/n on input line 41.
LaTeX Font Info:    ... okay on input line 41.
LaTeX Font Info:    Checking defaults for T1/cmr/m/n on input line 41.
LaTeX Font Info:    ... okay on input line 41.
LaTeX Font Info:    Checking defaults for TS1/cmr/m/n on input line 41.
LaTeX Font Info:    ... okay on input line 41.
LaTeX Font Info:    Checking defaults for OMX/cmex/m/n on input line 41.
LaTeX Font Info:    ... okay on input line 41.
LaTeX Font Info:    Checking defaults for U/cmr/m/n on input line 41.
LaTeX Font Info:    ... okay on input line 41.
LaTeX Font Info:    Checking defaults for PD1/pdf/m/n on input line 41.
LaTeX Font Info:    ... okay on input line 41.
 ("H:\Program Files\MiKTeX\tex/context/base/mkii\supp-pdf.mkii"
[Loading MPS to PDF converter (version 2006.09.02).]
\scratchcounter=\count288
\scratchdimen=\dimen160
\scratchbox=\box54
\nofMPsegments=\count289
\nofMParguments=\count290
\everyMPshowfont=\toks29
\MPscratchCnt=\count291
\MPscratchDim=\dimen161
\MPnumerator=\count292
\makeMPintoPDFobject=\count293
\everyMPtoPDFconversion=\toks30
) ("H:\Program Files\MiKTeX\tex/latex/epstopdf-pkg\epstopdf-base.sty"
Package: epstopdf-base 2020-01-24 v2.11 Base part for package epstopdf
Package epstopdf-base Info: Redefining graphics rule for `.eps' on input line 4
85.
)
(C:\Users\micha\AppData\Roaming\MiKTeX\tex/latex/pdflscape\pdflscape.sty
Package: pdflscape 2019/12/05 v0.12 Display of landscape pages in PDF (HO)

("H:\Program Files\MiKTeX\tex/latex/graphics\lscape.sty"
Package: lscape 2020/05/28 v3.02 Landscape Pages (DPC)
)
Package pdflscape Info: Auto-detected driver: pdftex on input line 81.
)
Package hyperref Info: Link coloring ON on input line 41.

("H:\Program Files\MiKTeX\tex/latex/hyperref\nameref.sty"
Package: nameref 2019/09/16 v2.46 Cross-referencing by name of section

(C:\Users\micha\AppData\Roaming\MiKTeX\tex/latex/refcount\refcount.sty
Package: refcount 2019/12/15 v3.6 Data extraction from label references (HO)
)
(C:\Users\micha\AppData\Roaming\MiKTeX\tex/generic/gettitlestring\gettitlestrin
g.sty
Package: gettitlestring 2019/12/15 v1.6 Cleanup title references (HO)
)
\c@section@level=\count294
)
LaTeX Info: Redefining \ref on input line 41.
LaTeX Info: Redefining \pageref on input line 41.
LaTeX Info: Redefining \nameref on input line 41.
 (network1.out) (network1.out)
\@outlinefile=\write3
\openout3 = `network1.out'.

LaTeX Font Info:    Trying to load font information for U+msa on input line 50.


("H:\Program Files\MiKTeX\tex/latex/amsfonts\umsa.fd"
File: umsa.fd 2013/01/14 v3.01 AMS symbols A
)
LaTeX Font Info:    Trying to load font information for U+msb on input line 50.


("H:\Program Files\MiKTeX\tex/latex/amsfonts\umsb.fd"
File: umsb.fd 2013/01/14 v3.01 AMS symbols B
)
Overfull \hbox (0.29243pt too wide) in paragraph at lines 69--72
\OT1/cmr/m/n/12 Main.java, you will find calls to these meth-ods [][]com-mented
 out[][], i.e. \OT1/cmtt/m/n/12 Exercise1.main(args);\OT1/cmr/m/n/12 .
 []

<netbeans1.png, id=69, 790.45313pt x 373.395pt>
File: netbeans1.png Graphic file (type png)
<use netbeans1.png>
Package pdftex.def Info: netbeans1.png  used on input line 74.
(pdftex.def)             Requested size: 469.75502pt x 221.90215pt.
[1

{C:/Users/micha/AppData/Local/MiKTeX/pdftex/config/pdftex.map}] [2 <./netbeans1
.png>]
<netbeans2.png, id=100, 1245.15187pt x 332.74312pt>
File: netbeans2.png Graphic file (type png)
<use netbeans2.png>
Package pdftex.def Info: netbeans2.png  used on input line 126.
(pdftex.def)             Requested size: 469.75502pt x 125.53487pt.
<netbeans3.png, id=105, 206.27063pt x 182.93344pt>
File: netbeans3.png Graphic file (type png)
<use netbeans3.png>
Package pdftex.def Info: netbeans3.png  used on input line 136.
(pdftex.def)             Requested size: 140.92793pt x 124.98485pt.
 [3 <./netbeans2.png>]
<netbeans4.png, id=116, 388.45125pt x 333.49594pt>
File: netbeans4.png Graphic file (type png)
<use netbeans4.png>
Package pdftex.def Info: netbeans4.png  used on input line 145.
(pdftex.def)             Requested size: 234.8775pt x 201.65117pt.
<netbeans5.png, id=117, 406.51875pt x 281.55188pt>
File: netbeans5.png Graphic file (type png)
<use netbeans5.png>
Package pdftex.def Info: netbeans5.png  used on input line 152.
(pdftex.def)             Requested size: 234.8775pt x 162.67296pt.
 [4 <./netbeans3.png> <./netbeans4.png>]
Overfull \hbox (2.83899pt too wide) in paragraph at lines 174--176
 []\OT1/cmr/bx/n/12 Exercise 2(b) \OT1/cmr/m/n/12 Open Ex-er-cise2.java. Your t
ask is to im-ple-ment the \OT1/cmtt/m/n/12 findCongestedLinks()
 []

[5 <./netbeans5.png>] [6]
Overfull \hbox (5.47806pt too wide) in paragraph at lines 248--249
\OT1/cmr/m/n/12 through nodes by de-fault, but that pa-ram-e-ter can be changed
 by call-ing \OT1/cmtt/m/n/12 setThruNode(false)\OT1/cmr/m/n/12 . 
 []

[7]
<netbeans6.png, id=174, 1053.9375pt x 429.10312pt>
File: netbeans6.png Graphic file (type png)
<use netbeans6.png>
Package pdftex.def Info: netbeans6.png  used on input line 279.
(pdftex.def)             Requested size: 469.75502pt x 191.26129pt.
 [8]
Overfull \hbox (2.43204pt too wide) in paragraph at lines 292--294
 []\OT1/cmr/bx/n/12 Exercise 5(b) \OT1/cmr/m/n/12 Zones are la-beled $1$ throug
h $\OMS/cmsy/m/n/12 jZj$\OT1/cmr/m/n/12 . Con-struct these in the \OT1/cmtt/m/n
/12 readNetwork(File)
 []

<netbeans7.png, id=181, 814.54312pt x 353.82187pt>
File: netbeans7.png Graphic file (type png)
<use netbeans7.png>
Package pdftex.def Info: netbeans7.png  used on input line 304.
(pdftex.def)             Requested size: 469.75502pt x 204.05066pt.
[9 <./netbeans6.png>] [10 <./netbeans7.png>] [11]
Overfull \hbox (0.25377pt too wide) in paragraph at lines 375--376
 []\OT1/cmr/bx/n/12 Exercise 6(a) \OT1/cmr/m/n/12 Open Path.java. Im-ple-ment t
he \OT1/cmtt/m/n/12 getSource()\OT1/cmr/m/n/12 , \OT1/cmtt/m/n/12 getDest()\OT1
/cmr/m/n/12 , \OT1/cmtt/m/n/12 isConnected()\OT1/cmr/m/n/12 ,
 []

[12]
Overfull \hbox (2.77261pt too wide) in paragraph at lines 434--435
 []\OT1/cmr/bx/n/12 Exercise 7 \OT1/cmr/m/n/12 Im-ple-ment the \OT1/cmtt/m/n/12
 getTSTT()\OT1/cmr/m/n/12 , \OT1/cmtt/m/n/12 getSPTT()\OT1/cmr/m/n/12 , \OT1/cm
tt/m/n/12 getTotalTrips()\OT1/cmr/m/n/12 , and \OT1/cmtt/m/n/12 getAEC() \OT1/c
mr/m/n/12 meth-
 []

[13]
<netbeans8.png, id=244, 181.42781pt x 178.41656pt>
File: netbeans8.png Graphic file (type png)
<use netbeans8.png>
Package pdftex.def Info: netbeans8.png  used on input line 504.
(pdftex.def)             Requested size: 140.92793pt x 138.59264pt.
 [14] (network1.bbl) [15 <./netbeans8.png>] (network1.aux)
Package rerunfilecheck Info: File `network1.out' has not changed.
(rerunfilecheck)             Checksum: 197204FBFB7B85AA2287E60FB746C14E;993.
 ) 
Here is how much of TeX's memory you used:
 8861 strings out of 480236
 129838 string characters out of 2890393
 445371 words of memory out of 3000000
 25157 multiletter control sequences out of 15000+200000
 545625 words of font info for 70 fonts, out of 3000000 for 9000
 1141 hyphenation exceptions out of 8191
 62i,10n,69p,1126b,480s stack positions out of 5000i,500n,10000p,200000b,50000s
<H:/Program Files/MiKTeX/fonts/type1/public/amsfonts/cm/cmbx12.pfb><H:/Progra
m Files/MiKTeX/fonts/type1/public/amsfonts/cm/cmcsc10.pfb><H:/Program Files/MiK
TeX/fonts/type1/public/amsfonts/cm/cmex10.pfb><H:/Program Files/MiKTeX/fonts/ty
pe1/public/amsfonts/cm/cmmi12.pfb><H:/Program Files/MiKTeX/fonts/type1/public/a
msfonts/cm/cmmi6.pfb><H:/Program Files/MiKTeX/fonts/type1/public/amsfonts/cm/cm
mi8.pfb><H:/Program Files/MiKTeX/fonts/type1/public/amsfonts/cm/cmr10.pfb><H:/P
rogram Files/MiKTeX/fonts/type1/public/amsfonts/cm/cmr12.pfb><H:/Program Files/
MiKTeX/fonts/type1/public/amsfonts/cm/cmr17.pfb><H:/Program Files/MiKTeX/fonts/
type1/public/amsfonts/cm/cmr6.pfb><H:/Program Files/MiKTeX/fonts/type1/public/a
msfonts/cm/cmr8.pfb><H:/Program Files/MiKTeX/fonts/type1/public/amsfonts/cm/cms
y10.pfb><H:/Program Files/MiKTeX/fonts/type1/public/amsfonts/cm/cmsy8.pfb><H:/P
rogram Files/MiKTeX/fonts/type1/public/amsfonts/cm/cmti12.pfb><H:/Program Files
/MiKTeX/fonts/type1/public/amsfonts/cm/cmtt12.pfb><H:/Program Files/MiKTeX/font
s/type1/public/amsfonts/symbols/msbm10.pfb>
Output written on network1.pdf (15 pages, 466981 bytes).
PDF statistics:
 331 PDF objects out of 1000 (max. 8388607)
 71 named destinations out of 1000 (max. 500000)
 161 words of extra memory for PDF output out of 10000 (max. 10000000)

